<?xml version="1.0" encoding="UTF-8"?>
<!-- Generated by org.testng.reporters.JUnitXMLReporter -->
<testsuite ignored="0" hostname="MSI" failures="1" tests="4" name="Test" time="21.815" errors="0" timestamp="2021-11-05T14:39:38 IST">
  <testcase classname="Academy.validateNavigationBar" name="validateAppNavBar" time="0.045"/>
  <testcase classname="Academy.HomePage" name="basePageNavigation" time="6.091"/>
  <testcase classname="Academy.HomePage" name="basePageNavigation" time="1.982"/>
  <testcase classname="Academy.validateTitle" name="validateAppTitle" time="0.023">
    <failure type="java.lang.AssertionError" message="expected [FEATURED CO123URSES] but found [FEATURED COURSES]">
      <![CDATA[java.lang.AssertionError: expected [FEATURED CO123URSES] but found [FEATURED COURSES]
at Academy.validateTitle.validateAppTitle(validateTitle.java:43)
at java.base/java.util.ArrayList.forEach(ArrayList.java:1511)
... Removed 33 stack frames]]>
    </failure>
  </testcase> <!-- validateAppTitle -->
</testsuite> <!-- Test -->
